[debug] [2025-05-06T10:57:14.935Z] ----------------------------------------------------------------------
[debug] [2025-05-06T10:57:14.950Z] Command:       C:\Program Files\nodejs\node.exe C:\Users\sasam\AppData\Roaming\npm\node_modules\firebase-tools\lib\bin\firebase.js login
[debug] [2025-05-06T10:57:14.951Z] CLI Version:   14.2.2
[debug] [2025-05-06T10:57:14.951Z] Platform:      win32
[debug] [2025-05-06T10:57:14.951Z] Node Version:  v22.15.0
[debug] [2025-05-06T10:57:14.953Z] Time:          Tue May 06 2025 13:57:14 GMT+0300 (Eastern European Summer Time)
[debug] [2025-05-06T10:57:14.953Z] ----------------------------------------------------------------------
[debug] 
[info] i  Firebase optionally collects CLI and Emulator Suite usage and error reporting information to help improve our products. Data is collected in accordance with Google's privacy policy (https://policies.google.com/privacy) and is not used to identify you.
 
[info] i  To change your data collection preference at any time, run `firebase logout` and log in again. 
[info] 
[info] Visit this URL on this device to log in:
[info] https://accounts.google.com/o/oauth2/auth?client_id=563584335869-fgrhgmd47bqnekij5i8b5pr03ho849e6.apps.googleusercontent.com&scope=email%20openid%20https%3A%2F%2Fwww.googleapis.com%2Fauth%2Fcloudplatformprojects.readonly%20https%3A%2F%2Fwww.googleapis.com%2Fauth%2Ffirebase%20https%3A%2F%2Fwww.googleapis.com%2Fauth%2Fcloud-platform&response_type=code&state=678871767&redirect_uri=http%3A%2F%2Flocalhost%3A9005
[info] 
[info] Waiting for authentication...
[debug] [2025-05-06T10:57:48.233Z] Error: spawn cmd ENOENT
    at ChildProcess._handle.onexit (node:internal/child_process:285:19)
    at onErrorNT (node:internal/child_process:483:16)
    at process.processTicksAndRejections (node:internal/process/task_queues:90:21)
[error] 
[error] Error: An unexpected error has occurred.
[debug] [2025-05-06T11:01:30.494Z] ----------------------------------------------------------------------
[debug] [2025-05-06T11:01:30.501Z] Command:       C:\Program Files\nodejs\node.exe C:\Users\sasam\AppData\Roaming\npm\node_modules\firebase-tools\lib\bin\firebase.js login
[debug] [2025-05-06T11:01:30.502Z] CLI Version:   14.2.2
[debug] [2025-05-06T11:01:30.503Z] Platform:      win32
[debug] [2025-05-06T11:01:30.503Z] Node Version:  v22.15.0
[debug] [2025-05-06T11:01:30.504Z] Time:          Tue May 06 2025 14:01:30 GMT+0300 (Eastern European Summer Time)
[debug] [2025-05-06T11:01:30.504Z] ----------------------------------------------------------------------
[debug] 
[info] i  Firebase optionally collects CLI and Emulator Suite usage and error reporting information to help improve our products. Data is collected in accordance with Google's privacy policy (https://policies.google.com/privacy) and is not used to identify you.
 
[info] i  To change your data collection preference at any time, run `firebase logout` and log in again. 
[info] 
[info] Visit this URL on this device to log in:
[info] https://accounts.google.com/o/oauth2/auth?client_id=563584335869-fgrhgmd47bqnekij5i8b5pr03ho849e6.apps.googleusercontent.com&scope=email%20openid%20https%3A%2F%2Fwww.googleapis.com%2Fauth%2Fcloudplatformprojects.readonly%20https%3A%2F%2Fwww.googleapis.com%2Fauth%2Ffirebase%20https%3A%2F%2Fwww.googleapis.com%2Fauth%2Fcloud-platform&response_type=code&state=469850445&redirect_uri=http%3A%2F%2Flocalhost%3A9005
[info] 
[info] Waiting for authentication...
[debug] [2025-05-06T11:01:34.179Z] Error: spawn cmd ENOENT
    at ChildProcess._handle.onexit (node:internal/child_process:285:19)
    at onErrorNT (node:internal/child_process:483:16)
    at process.processTicksAndRejections (node:internal/process/task_queues:90:21)
[error] 
[error] Error: An unexpected error has occurred.
